<?xml version="1.0" encoding="UTF-8"?>
<robot generator="Robot 5.0.1 (Python 3.10.0 on win32)" generated="20220727 20:37:25.148" rpa="false" schemaversion="3">
<suite id="s1" name="Test" source="D:\Libraries\Documents\Solo Acts\sanbercode qa\robottest\test.robot">
<test id="s1-t1" name="Open Browser" line="5">
<kw name="Open Browser" library="SeleniumLibrary">
<arg>https://opensource-demo.orangehrmlive.com</arg>
<arg>chrome</arg>
<doc>Opens a new browser instance to the optional ``url``.</doc>
<msg timestamp="20220727 20:37:25.687" level="INFO">Opening browser 'chrome' to base url 'https://opensource-demo.orangehrmlive.com'.</msg>
<msg timestamp="20220727 20:37:25.709" level="INFO">Cannot capture screenshot because no browser is open.</msg>
<msg timestamp="20220727 20:37:25.710" level="FAIL">WebDriverException: Message: 'chromedriver' executable needs to be in PATH. Please see https://chromedriver.chromium.org/home
</msg>
<status status="FAIL" starttime="20220727 20:37:25.686" endtime="20220727 20:37:25.728"/>
</kw>
<kw name="Input Text" library="SeleniumLibrary">
<arg>id=txtUsername</arg>
<arg>username</arg>
<doc>Types the given ``text`` into the text field identified by ``locator``.</doc>
<status status="NOT RUN" starttime="20220727 20:37:25.729" endtime="20220727 20:37:25.729"/>
</kw>
<kw name="Input Text" library="SeleniumLibrary">
<arg>id=txtPassword</arg>
<arg>password</arg>
<doc>Types the given ``text`` into the text field identified by ``locator``.</doc>
<status status="NOT RUN" starttime="20220727 20:37:25.729" endtime="20220727 20:37:25.729"/>
</kw>
<status status="FAIL" starttime="20220727 20:37:25.684" endtime="20220727 20:37:25.730">WebDriverException: Message: 'chromedriver' executable needs to be in PATH. Please see https://chromedriver.chromium.org/home
</status>
</test>
<status status="FAIL" starttime="20220727 20:37:25.151" endtime="20220727 20:37:25.733"/>
</suite>
<statistics>
<total>
<stat pass="0" fail="1" skip="0">All Tests</stat>
</total>
<tag>
</tag>
<suite>
<stat pass="0" fail="1" skip="0" id="s1" name="Test">Test</stat>
</suite>
</statistics>
<errors>
</errors>
</robot>
